<?xml version="1.0" encoding="UTF-8"?>
<!-- Generated by org.testng.reporters.JUnitXMLReporter -->
<testsuite ignored="0" hostname="IN-PG02A8M3" failures="0" tests="6" name="Default test" time="139.11" errors="0" timestamp="2022-05-27T11:19:14 IST">
  <testcase classname="cucumber.api.testng.AbstractTestNGCucumberTests" name="feature" time="20.345"/>
  <testcase classname="cucumber.api.testng.AbstractTestNGCucumberTests" name="feature" time="14.559"/>
  <testcase classname="cucumber.api.testng.AbstractTestNGCucumberTests" name="feature" time="27.853"/>
  <testcase classname="cucumber.api.testng.AbstractTestNGCucumberTests" name="feature" time="21.854"/>
  <testcase classname="cucumber.api.testng.AbstractTestNGCucumberTests" name="feature" time="25.138"/>
  <testcase classname="cucumber.api.testng.AbstractTestNGCucumberTests" name="feature" time="29.075"/>
</testsuite> <!-- Default test -->
