<?xml version="1.0" encoding="UTF-8"?>
<!-- Generated by org.testng.reporters.JUnitXMLReporter -->
<testsuite ignored="0" hostname="IN-PG02A8M3" failures="0" tests="6" name="Test" time="171.555" errors="0" timestamp="2022-06-03T18:23:45 IST">
  <testcase classname="cucumber.api.testng.AbstractTestNGCucumberTests" name="feature" time="35.451"/>
  <testcase classname="cucumber.api.testng.AbstractTestNGCucumberTests" name="feature" time="14.128"/>
  <testcase classname="cucumber.api.testng.AbstractTestNGCucumberTests" name="feature" time="29.934"/>
  <testcase classname="cucumber.api.testng.AbstractTestNGCucumberTests" name="feature" time="27.438"/>
  <testcase classname="cucumber.api.testng.AbstractTestNGCucumberTests" name="feature" time="29.447"/>
  <testcase classname="cucumber.api.testng.AbstractTestNGCucumberTests" name="feature" time="34.191"/>
</testsuite> <!-- Test -->
