<?xml version="1.0" encoding="UTF-8"?>
<!-- Generated by org.testng.reporters.JUnitXMLReporter -->
<testsuite ignored="0" hostname="IN-PG02A8M3" failures="0" tests="6" name="Test" time="147.121" errors="0" timestamp="2022-06-03T18:57:18 IST">
  <testcase classname="cucumber.api.testng.AbstractTestNGCucumberTests" name="feature" time="28.819"/>
  <testcase classname="cucumber.api.testng.AbstractTestNGCucumberTests" name="feature" time="15.639"/>
  <testcase classname="cucumber.api.testng.AbstractTestNGCucumberTests" name="feature" time="25.796"/>
  <testcase classname="cucumber.api.testng.AbstractTestNGCucumberTests" name="feature" time="22.491"/>
  <testcase classname="cucumber.api.testng.AbstractTestNGCucumberTests" name="feature" time="24.028"/>
  <testcase classname="cucumber.api.testng.AbstractTestNGCucumberTests" name="feature" time="29.589"/>
</testsuite> <!-- Test -->
