<?xml version="1.0" encoding="UTF-8"?>
<!-- Generated by org.testng.reporters.JUnitXMLReporter -->
<testsuite ignored="0" hostname="IN-PG02A8M3" failures="0" tests="6" name="Test" time="135.838" errors="0" timestamp="2022-06-02T22:03:16 IST">
  <testcase classname="cucumber.api.testng.AbstractTestNGCucumberTests" name="feature" time="24.694"/>
  <testcase classname="cucumber.api.testng.AbstractTestNGCucumberTests" name="feature" time="12.764"/>
  <testcase classname="cucumber.api.testng.AbstractTestNGCucumberTests" name="feature" time="26.756"/>
  <testcase classname="cucumber.api.testng.AbstractTestNGCucumberTests" name="feature" time="18.525"/>
  <testcase classname="cucumber.api.testng.AbstractTestNGCucumberTests" name="feature" time="23.762"/>
  <testcase classname="cucumber.api.testng.AbstractTestNGCucumberTests" name="feature" time="28.887"/>
</testsuite> <!-- Test -->
