<?xml version="1.0" encoding="UTF-8"?>
<testng-results ignored="0" total="6" passed="6" failed="0" skipped="0">
  <reporter-output>
  </reporter-output>
  <suite started-at="2022-05-28T16:17:56 IST" name="Suite" finished-at="2022-05-28T16:20:50 IST" duration-ms="174612">
    <groups>
      <group name="cucumber">
        <method signature="AbstractTestNGCucumberTests.feature(cucumber.api.testng.CucumberFeatureWrapper)[pri:0, instance:TestRunner.RunnerApplication@53aac487]" name="feature" class="cucumber.api.testng.AbstractTestNGCucumberTests"/>
      </group> <!-- cucumber -->
    </groups>
    <test started-at="2022-05-28T16:17:56 IST" name="Test" finished-at="2022-05-28T16:20:50 IST" duration-ms="174612">
      <class name="TestRunner.RunnerApplication">
        <test-method is-config="true" signature="setUpClass()[pri:0, instance:TestRunner.RunnerApplication@53aac487]" started-at="2022-05-28T16:17:56 IST" name="setUpClass" finished-at="2022-05-28T16:17:57 IST" duration-ms="1331" status="PASS">
          <reporter-output>
          </reporter-output>
        </test-method> <!-- setUpClass -->
        <test-method signature="feature(cucumber.api.testng.CucumberFeatureWrapper)[pri:0, instance:TestRunner.RunnerApplication@53aac487]" started-at="2022-05-28T16:17:57 IST" name="feature" description="Runs Cucumber Feature" data-provider="features" finished-at="2022-05-28T16:18:26 IST" duration-ms="28630" status="PASS">
          <params>
            <param index="0">
              <value>
                <![CDATA[Accessibility feature]]>
              </value>
            </param>
          </params>
          <reporter-output>
          </reporter-output>
        </test-method> <!-- feature -->
        <test-method signature="feature(cucumber.api.testng.CucumberFeatureWrapper)[pri:0, instance:TestRunner.RunnerApplication@53aac487]" started-at="2022-05-28T16:18:26 IST" name="feature" description="Runs Cucumber Feature" data-provider="features" finished-at="2022-05-28T16:18:43 IST" duration-ms="17342" status="PASS">
          <params>
            <param index="0">
              <value>
                <![CDATA[Animation add feature]]>
              </value>
            </param>
          </params>
          <reporter-output>
          </reporter-output>
        </test-method> <!-- feature -->
        <test-method signature="feature(cucumber.api.testng.CucumberFeatureWrapper)[pri:0, instance:TestRunner.RunnerApplication@53aac487]" started-at="2022-05-28T16:18:43 IST" name="feature" description="Runs Cucumber Feature" data-provider="features" finished-at="2022-05-28T16:19:15 IST" duration-ms="31332" status="PASS">
          <params>
            <param index="0">
              <value>
                <![CDATA[App feature]]>
              </value>
            </param>
          </params>
          <reporter-output>
          </reporter-output>
        </test-method> <!-- feature -->
        <test-method signature="feature(cucumber.api.testng.CucumberFeatureWrapper)[pri:0, instance:TestRunner.RunnerApplication@53aac487]" started-at="2022-05-28T16:19:15 IST" name="feature" description="Runs Cucumber Feature" data-provider="features" finished-at="2022-05-28T16:19:42 IST" duration-ms="27412" status="PASS">
          <params>
            <param index="0">
              <value>
                <![CDATA[Device admin feature]]>
              </value>
            </param>
          </params>
          <reporter-output>
          </reporter-output>
        </test-method> <!-- feature -->
        <test-method signature="feature(cucumber.api.testng.CucumberFeatureWrapper)[pri:0, instance:TestRunner.RunnerApplication@53aac487]" started-at="2022-05-28T16:19:42 IST" name="feature" description="Runs Cucumber Feature" data-provider="features" finished-at="2022-05-28T16:20:15 IST" duration-ms="32406" status="PASS">
          <params>
            <param index="0">
              <value>
                <![CDATA[Hide animation feature]]>
              </value>
            </param>
          </params>
          <reporter-output>
          </reporter-output>
        </test-method> <!-- feature -->
        <test-method signature="feature(cucumber.api.testng.CucumberFeatureWrapper)[pri:0, instance:TestRunner.RunnerApplication@53aac487]" started-at="2022-05-28T16:20:15 IST" name="feature" description="Runs Cucumber Feature" data-provider="features" finished-at="2022-05-28T16:20:50 IST" duration-ms="35501" status="PASS">
          <params>
            <param index="0">
              <value>
                <![CDATA[show animation feature]]>
              </value>
            </param>
          </params>
          <reporter-output>
          </reporter-output>
        </test-method> <!-- feature -->
        <test-method is-config="true" signature="tearDownClass()[pri:0, instance:TestRunner.RunnerApplication@53aac487]" started-at="2022-05-28T16:20:50 IST" name="tearDownClass" finished-at="2022-05-28T16:20:50 IST" duration-ms="7" status="PASS">
          <reporter-output>
          </reporter-output>
        </test-method> <!-- tearDownClass -->
      </class> <!-- TestRunner.RunnerApplication -->
    </test> <!-- Test -->
  </suite> <!-- Suite -->
</testng-results>
