<?xml version="1.0" encoding="UTF-8"?>
<testng-results ignored="0" total="6" passed="6" failed="0" skipped="0">
  <reporter-output>
  </reporter-output>
  <suite started-at="2022-06-02T19:48:12 IST" name="Suite" finished-at="2022-06-02T19:51:25 IST" duration-ms="193423">
    <groups>
      <group name="cucumber">
        <method signature="AbstractTestNGCucumberTests.feature(cucumber.api.testng.CucumberFeatureWrapper)[pri:0, instance:TestRunner.RunnerApplication@53aac487]" name="feature" class="cucumber.api.testng.AbstractTestNGCucumberTests"/>
      </group> <!-- cucumber -->
    </groups>
    <test started-at="2022-06-02T19:48:12 IST" name="Test" finished-at="2022-06-02T19:51:25 IST" duration-ms="193423">
      <class name="TestRunner.RunnerApplication">
        <test-method is-config="true" signature="setUpClass()[pri:0, instance:TestRunner.RunnerApplication@53aac487]" started-at="2022-06-02T19:48:12 IST" name="setUpClass" finished-at="2022-06-02T19:48:12 IST" duration-ms="650" status="PASS">
          <reporter-output>
          </reporter-output>
        </test-method> <!-- setUpClass -->
        <test-method signature="feature(cucumber.api.testng.CucumberFeatureWrapper)[pri:0, instance:TestRunner.RunnerApplication@53aac487]" started-at="2022-06-02T19:48:12 IST" name="feature" description="Runs Cucumber Feature" data-provider="features" finished-at="2022-06-02T19:48:49 IST" duration-ms="36757" status="PASS">
          <params>
            <param index="0">
              <value>
                <![CDATA[Accessibility feature]]>
              </value>
            </param>
          </params>
          <reporter-output>
          </reporter-output>
        </test-method> <!-- feature -->
        <test-method signature="feature(cucumber.api.testng.CucumberFeatureWrapper)[pri:0, instance:TestRunner.RunnerApplication@53aac487]" started-at="2022-06-02T19:48:49 IST" name="feature" description="Runs Cucumber Feature" data-provider="features" finished-at="2022-06-02T19:49:09 IST" duration-ms="19485" status="PASS">
          <params>
            <param index="0">
              <value>
                <![CDATA[Animation add feature]]>
              </value>
            </param>
          </params>
          <reporter-output>
          </reporter-output>
        </test-method> <!-- feature -->
        <test-method signature="feature(cucumber.api.testng.CucumberFeatureWrapper)[pri:0, instance:TestRunner.RunnerApplication@53aac487]" started-at="2022-06-02T19:49:09 IST" name="feature" description="Runs Cucumber Feature" data-provider="features" finished-at="2022-06-02T19:49:43 IST" duration-ms="34544" status="PASS">
          <params>
            <param index="0">
              <value>
                <![CDATA[App feature]]>
              </value>
            </param>
          </params>
          <reporter-output>
          </reporter-output>
        </test-method> <!-- feature -->
        <test-method signature="feature(cucumber.api.testng.CucumberFeatureWrapper)[pri:0, instance:TestRunner.RunnerApplication@53aac487]" started-at="2022-06-02T19:49:43 IST" name="feature" description="Runs Cucumber Feature" data-provider="features" finished-at="2022-06-02T19:50:12 IST" duration-ms="28773" status="PASS">
          <params>
            <param index="0">
              <value>
                <![CDATA[Device admin feature]]>
              </value>
            </param>
          </params>
          <reporter-output>
          </reporter-output>
        </test-method> <!-- feature -->
        <test-method signature="feature(cucumber.api.testng.CucumberFeatureWrapper)[pri:0, instance:TestRunner.RunnerApplication@53aac487]" started-at="2022-06-02T19:50:12 IST" name="feature" description="Runs Cucumber Feature" data-provider="features" finished-at="2022-06-02T19:50:46 IST" duration-ms="33753" status="PASS">
          <params>
            <param index="0">
              <value>
                <![CDATA[Hide animation feature]]>
              </value>
            </param>
          </params>
          <reporter-output>
          </reporter-output>
        </test-method> <!-- feature -->
        <test-method signature="feature(cucumber.api.testng.CucumberFeatureWrapper)[pri:0, instance:TestRunner.RunnerApplication@53aac487]" started-at="2022-06-02T19:50:46 IST" name="feature" description="Runs Cucumber Feature" data-provider="features" finished-at="2022-06-02T19:51:25 IST" duration-ms="39010" status="PASS">
          <params>
            <param index="0">
              <value>
                <![CDATA[show animation feature]]>
              </value>
            </param>
          </params>
          <reporter-output>
          </reporter-output>
        </test-method> <!-- feature -->
        <test-method is-config="true" signature="tearDownClass()[pri:0, instance:TestRunner.RunnerApplication@53aac487]" started-at="2022-06-02T19:51:25 IST" name="tearDownClass" finished-at="2022-06-02T19:51:25 IST" duration-ms="73" status="PASS">
          <reporter-output>
          </reporter-output>
        </test-method> <!-- tearDownClass -->
      </class> <!-- TestRunner.RunnerApplication -->
    </test> <!-- Test -->
  </suite> <!-- Suite -->
</testng-results>
